/home/rwilton/tools/miniconda3/envs/cuml_dev/lib/python3.13/site-packages/cuml/internals/api_decorators.py:211: UserWarning: The number of bins, `n_bins` is greater than the number of samples used for training. Changing `n_bins` to number of training samples.
  ret = func(*args, **kwargs)
20260114 180058.995050 Start __name__='__main__' for test.01.py pid 3397625 in python v3.13.5 ...
20260114 180058.996525 csvFile: params.01.csv
20260114 180058.996542 csvTag : classification
20260114 180058.996549 Parameters in params.01.csv filtered by:
20260114 180058.996560  tag: classification (string)
20260114 180058.996566  task: classification (string)
20260114 180058.996571  dataset: classification (string)
20260114 180058.996579  n_samples: 1024:4096 (numeric)
20260114 180058.996584  n_estimators: 100 (numeric)
20260114 180058.996588 
20260114 180058.996594 Testing 3 parameter sets from params.01.csv:
20260114 180058.996606 
20260114 180058.996611 --- Start test: data=classification...
20260114 180059.310317 Start doClassification...
HELLO FROM __init__ IN sporfclassifier.pyx
HELLO FROM __init__ IN randomforest_common.pyx
20260114 180059.310376	?SAME DAMN THING
20260114 180059.310393	?10101010 0.0GB
20260114 180059.310400	?AGAIN
20260114 180059.310407	?sbgb returned 10101010 0.0GB
20260114 180059.310412 THIS IS DTLOG 12345
HELLO FROM fit(self, X, y, *, convert_dtype) IN FILE sporfclassifier.pyx
density: 0.5
histogram_method: 1
20260114 180114.655361 End doClassification
20260114 180114.655433 --- End test: data=classification.
20260114 180114.655726 
20260114 180114.655742 --- Start test: data=classification...
20260114 180114.691538 Start doClassification...
HELLO FROM __init__ IN sporfclassifier.pyx
HELLO FROM __init__ IN randomforest_common.pyx
20260114 180114.691584	?SAME DAMN THING
20260114 180114.691605	?10101010 0.0GB
20260114 180114.691611	?AGAIN
20260114 180114.691617	?sbgb returned 10101010 0.0GB
20260114 180114.691623 THIS IS DTLOG 12345
HELLO FROM fit(self, X, y, *, convert_dtype) IN FILE sporfclassifier.pyx
density: 0.5
histogram_method: 1
20260114 180137.281188 End doClassification
20260114 180137.281284 --- End test: data=classification.
20260114 180137.281603 
20260114 180137.281620 --- Start test: data=classification...
20260114 180137.314832 Start doClassification...
HELLO FROM __init__ IN sporfclassifier.pyx
HELLO FROM __init__ IN randomforest_common.pyx
20260114 180137.314897	?SAME DAMN THING
20260114 180137.314916	?10101010 0.0GB
20260114 180137.314923	?AGAIN
20260114 180137.314932	?sbgb returned 10101010 0.0GB
20260114 180137.314939 THIS IS DTLOG 12345
HELLO FROM fit(self, X, y, *, convert_dtype) IN FILE sporfclassifier.pyx
density: 0.5
histogram_method: 1
20260114 180206.005778 End doClassification
20260114 180206.005869 --- End test: data=classification.
20260114 180206.006145 Exiting test.01.py
HELLO FROM /datascope/rwilton/scratch/sporf/cuml/cpp/src/randomforest/sporf.cu LINE 136
HELLO FROM /datascope/rwilton/scratch/sporf/cuml/cpp/src/randomforest/sporf.cuh LINE 137
**** top of parallel loops: n_streams=8 n_trees=100
HELLO FROM /datascope/rwilton/scratch/sporf/cuml/cpp/src/randomforest/sporf.cu LINE 136
HELLO FROM /datascope/rwilton/scratch/sporf/cuml/cpp/src/randomforest/sporf.cuh LINE 137
**** top of parallel loops: n_streams=8 n_trees=100
HELLO FROM /datascope/rwilton/scratch/sporf/cuml/cpp/src/randomforest/sporf.cu LINE 136
HELLO FROM /datascope/rwilton/scratch/sporf/cuml/cpp/src/randomforest/sporf.cuh LINE 137
**** top of parallel loops: n_streams=8 n_trees=100
