date     time          VIRT  RES    SHR    CPU   %sm mem  %mem
20260114 180057.126322 23.4g 264928 151884 76.5  -   -    -
20260114 180058.995050 Start __name__='__main__' for test.01.py pid 3397625 in python v3.13.5 ...
20260114 180058.996525 csvFile: params.01.csv
20260114 180058.996542 csvTag : classification
20260114 180058.996549 Parameters in params.01.csv filtered by:
20260114 180058.996560  tag: classification (string)
20260114 180058.996566  task: classification (string)
20260114 180058.996571  dataset: classification (string)
20260114 180058.996579  n_samples: 1024:4096 (numeric)
20260114 180058.996584  n_estimators: 100 (numeric)
20260114 180058.996588 
20260114 180058.996594 Testing 3 parameter sets from params.01.csv:
20260114 180058.996606 
20260114 180058.996611 --- Start test: data=classification...
20260114 180059.310317 Start doClassification...
20260114 180059.310412 THIS IS DTLOG 12345
20260114 180059.580005 33.1g 1.4g   612116 87.5  3   598  0
20260114 180102.041837 33.2g 1.5g   619876 200.0 85  3050 52
20260114 180104.516707 33.2g 1.5g   619892 176.5 85  2744 49
20260114 180106.977019 32.9g 1.5g   619892 170.6 85  3050 49
20260114 180109.438693 33.2g 1.5g   619892 175.0 85  3050 49
20260114 180111.909385 33.2g 1.5g   619892 175.0 85  3050 49
20260114 180114.381148 31.6g 1.5g   619892 187.5 86  1826 50
20260114 180114.655361 End doClassification
20260114 180114.655433 --- End test: data=classification.
20260114 180114.655726 
20260114 180114.655742 --- Start test: data=classification...
20260114 180114.691538 Start doClassification...
20260114 180114.691623 THIS IS DTLOG 12345
20260114 180116.851074 34.1g 1.5g   619892 187.5 84  3180 54
20260114 180119.309387 34.1g 1.5g   619892 162.5 85  3180 52
20260114 180121.780954 34.1g 1.5g   619892 187.5 84  3180 54
20260114 180124.253221 34.1g 1.5g   619892 181.2 84  3180 56
20260114 180126.713865 34.1g 1.5g   619892 181.2 84  3180 54
20260114 180129.184582 34.1g 1.5g   619892 164.7 84  3180 54
20260114 180131.654534 34.1g 1.5g   619892 181.2 84  3180 55
20260114 180134.125232 34.1g 1.5g   619892 158.8 85  3180 53
20260114 180136.595277 32.7g 1.5g   619892 182.4 85  1892 55
20260114 180137.281188 End doClassification
20260114 180137.281284 --- End test: data=classification.
20260114 180137.281603 
20260114 180137.281620 --- Start test: data=classification...
20260114 180137.314832 Start doClassification...
20260114 180137.314939 THIS IS DTLOG 12345
20260114 180139.064856 34.1g 1.5g   620064 170.6 82  3186 48
20260114 180141.537355 34.1g 1.5g   620064 170.6 83  3186 59
20260114 180144.006305 34.1g 1.5g   620064 170.6 83  3186 57
20260114 180146.465958 34.1g 1.5g   620064 170.6 83  3186 60
20260114 180148.936921 34.1g 1.5g   620064 170.6 84  3186 57
20260114 180151.409056 34.1g 1.5g   620064 182.4 83  3186 58
20260114 180153.867868 34.1g 1.5g   620064 176.5 83  3186 58
20260114 180156.337449 34.1g 1.5g   620064 170.6 84  3186 55
20260114 180158.796004 34.1g 1.5g   620064 182.4 84  3186 57
20260114 180201.267879 34.1g 1.5g   620064 164.7 84  3186 56
20260114 180203.738930 34.1g 1.5g   620064 176.5 84  3186 56
20260114 180206.005778 End doClassification
20260114 180206.005869 --- End test: data=classification.
20260114 180206.006145 Exiting test.01.py
20260114 180206.185272 31.3g 1.5g   620064 94.1  85  606  60
